<?xml version="1.0" encoding="UTF-8"?>
<!-- Generated by org.testng.reporters.JUnitReportReporter -->
<testsuite hostname="DESKTOP-R7HB36T" failures="0" tests="1" name="testcases.ExtentReportDemo" time="4.426" errors="0" timestamp="2020-06-30T17:35:16 IST" skipped="0">
  <testcase classname="testcases.ExtentReportDemo" name="openApplication" time="4.426"/>
</testsuite> <!-- testcases.ExtentReportDemo -->
