<?xml version="1.0" encoding="UTF-8"?>
<!-- Generated by org.testng.reporters.JUnitReportReporter -->
<testsuite hostname="DESKTOP-R7HB36T" failures="0" tests="1" name="testcases.Test1" time="30.095" errors="0" timestamp="2020-07-01T15:32:52 IST" skipped="0">
  <testcase classname="testcases.Test1" name="academtLogin" time="30.095"/>
</testsuite> <!-- testcases.Test1 -->
