<?xml version="1.0" encoding="UTF-8"?>
<!-- Generated by org.testng.reporters.JUnitReportReporter -->
<testsuite hostname="DESKTOP-R7HB36T" failures="0" tests="1" name="testcases.Test3" time="54.769" errors="0" timestamp="2020-07-02T16:15:33 IST" skipped="0">
  <testcase classname="testcases.Test3" name="facelookLogin" time="54.769"/>
</testsuite> <!-- testcases.Test3 -->
