<?xml version="1.0" encoding="UTF-8"?>
<!-- Generated by org.testng.reporters.JUnitReportReporter -->
<testsuite hostname="DESKTOP-R7HB36T" failures="0" tests="1" name="testcases.Test2" time="34.376" errors="0" timestamp="2020-07-02T18:42:56 IST" skipped="0">
  <testcase classname="testcases.Test2" name="googleTitleValidation" time="34.376"/>
</testsuite> <!-- testcases.Test2 -->
